Arguments: 
  C:\Program Files\nodejs\node.exe C:\Users\Admin\scoop\apps\yarn\current\Yarn\bin\yarn.js css:dev

PATH: 
  C:\Users\Admin\bin;C:\Program Files\Git\mingw64\bin;C:\Program Files\Git\usr\local\bin;C:\Program Files\Git\usr\bin;C:\Program Files\Git\usr\bin;C:\Program Files\Git\mingw64\bin;C:\Program Files\Git\usr\bin;C:\Users\Admin\bin;C:\Program Files\nodejs;C:\WINDOWS\System32\WindowsPowerShell\v1.0;C:\Program Files\Microsoft SQL Server\Client SDK\ODBC\170\Tools\Binn;C:\Program Files (x86)\Microsoft SQL Server\150\Tools\Binn;C:\Program Files\Microsoft SQL Server\150\Tools\Binn;C:\Program Files\Microsoft SQL Server\150\DTS\Binn;C:\Program Files (x86)\Microsoft SQL Server\150\DTS\Binn;C:\Program Files (x86)\NVIDIA Corporation\PhysX\Common;C:\Program Files\Docker\Docker\resources\bin;C:\ProgramData\DockerDesktop\version-bin;C:\Users\Admin\scoop\apps\python\current\Scripts;C:\Users\Admin\scoop\apps\python\current;C:\Ruby30-x64\bin;C:\Users\Admin\scoop\apps\yarn\current\global\node_modules\.bin;C:\Users\Admin\scoop\apps\yarn\current\Yarn\bin;C:\Users\Admin\scoop\apps\nodejs\current\bin;C:\Users\Admin\scoop\apps\nodejs\current;C:\Users\Admin\scoop\apps\gdb\current\bin;C:\Users\Admin\scoop\apps\gcc\current\bin;C:\Users\Admin\scoop\shims;C:\Users\Admin\AppData\Local\Microsoft\WindowsApps;C:\Users\Admin\.dotnet\tools;C:\Users\Admin\AppData\Local\Programs\Microsoft VS Code\bin;C:\android-ndk-r21d;C:\Program Files\JetBrains\CLion 2020.2.4\bin;C:\Program Files\Azure Data Studio\bin;D:\Program Files\IntelliJ IDEA Community Edition 2021.2.2\bin;C:\Users\Admin\AppData\Local\Microsoft\WindowsApps;C:\Program Files\JetBrains\IntelliJ IDEA 2021.2.2\bin;C:\Users\Admin\.jdks\openjdk-17\bin;C:\Windows\System32;C:\Users\Admin\AppData\Roaming\npm;C:\Program Files\Git\usr\bin;C:\Program Files\Azure Data Studio\bin;C:\Program Files\Git\usr\bin\vendor_perl;C:\Program Files\Git\usr\bin\core_perl;C:\Users\Admin\.rvm\bin

Yarn version: 
  1.22.15

Node version: 
  16.13.0

Platform: 
  win32 x64

Trace: 
  SyntaxError: D:\3rd-year\Coding\expressjs\film-streaming\package.json: Unexpected token } in JSON at position 506
      at JSON.parse (<anonymous>)
      at C:\Users\Admin\scoop\apps\yarn\1.22.15\Yarn\lib\cli.js:1625:59
      at Generator.next (<anonymous>)
      at step (C:\Users\Admin\scoop\apps\yarn\1.22.15\Yarn\lib\cli.js:310:30)
      at C:\Users\Admin\scoop\apps\yarn\1.22.15\Yarn\lib\cli.js:321:13

npm manifest: 
  {
    "name": "api",
    "version": "1.0.0",
    "description": "",
    "main": "index.js",
    "scripts": {
      "start": "npm run tailwind:build && babel-node ./src/app.js",
      "css:dev": "nodemon -e js,css,hbs --exec \"npm run tailwind:build && npx babel-node src/app.js\"",
      "dev": "nodemon -e js,css,hbs --exec npx babel-node src/app.js",
      "tailwind:build": "postcss src/styles/global.css -o public/styles/style.css",
      "tailwind:watch": "postcss src/styles/global.css -o public/styles/style.css -w",
    },
    "keywords": [],
    "author": "",
    "license": "ISC",
    "dependencies": {
      "cookie-parser": "^1.4.6",
      "cors": "^2.8.5",
      "daisyui": "^1.16.2",
      "dotenv": "^10.0.0",
      "express": "^4.17.1",
      "express-handlebars": "^5.3.4",
      "hbs": "^4.1.2",
      "jsonwebtoken": "^8.5.1",
      "mongoose": "^6.0.12",
      "reload": "^3.2.0",
      "tailwindcss": "^2.2.19"
    },
    "devDependencies": {
      "@babel/cli": "^7.16.0",
      "@babel/core": "^7.16.0",
      "@babel/node": "^7.16.0",
      "@babel/preset-env": "^7.16.0",
      "autoprefixer": "^10.4.0",
      "morgan": "^1.10.0",
      "nodemon": "^2.0.15",
      "npm-run-all": "^4.1.5",
      "postcss": "^8.3.11",
      "postcss-cli": "^9.0.2",
      "webpack-cli": "^4.9.1"
    }
  }

yarn manifest: 
  No manifest

Lockfile: 
  No lockfile
